2022-03-12 18:08:06,793 INFO org.springframework.boot.StartupInfoLogger [restartedMain] Starting CronusApplicationKt using Java 11.0.13 on abyss-watchers with PID 39346 (/home/davi/repo/cronus/build/classes/kotlin/main started by davi in /home/davi/repo/cronus)
2022-03-12 18:08:06,794 INFO org.springframework.boot.SpringApplication [restartedMain] No active profile set, falling back to 1 default profile: "default"
2022-03-12 18:08:07,111 INFO org.springframework.data.repository.config.RepositoryConfigurationDelegate [restartedMain] Bootstrapping Spring Data MongoDB repositories in DEFAULT mode.
2022-03-12 18:08:07,127 INFO org.springframework.data.repository.config.RepositoryConfigurationDelegate [restartedMain] Finished Spring Data repository scanning in 15 ms. Found 3 MongoDB repository interfaces.
2022-03-12 18:08:07,205 INFO org.springframework.boot.web.embedded.tomcat.TomcatWebServer [restartedMain] Tomcat initialized with port(s): 8081 (http)
2022-03-12 18:08:07,206 INFO org.apache.juli.logging.DirectJDKLog [restartedMain] Starting service [Tomcat]
2022-03-12 18:08:07,206 INFO org.apache.juli.logging.DirectJDKLog [restartedMain] Starting Servlet engine: [Apache Tomcat/9.0.58]
2022-03-12 18:08:07,214 INFO org.apache.juli.logging.DirectJDKLog [restartedMain] Initializing Spring embedded WebApplicationContext
2022-03-12 18:08:07,214 INFO org.springframework.boot.web.servlet.context.ServletWebServerApplicationContext [restartedMain] Root WebApplicationContext: initialization completed in 417 ms
2022-03-12 18:08:07,257 INFO com.mongodb.diagnostics.logging.SLF4JLogger [restartedMain] Cluster created with settings {hosts=[localhost:27017], mode=SINGLE, requiredClusterType=UNKNOWN, serverSelectionTimeout='30000 ms'}
2022-03-12 18:08:07,261 INFO com.mongodb.diagnostics.logging.SLF4JLogger [cluster-ClusterId{value='622d0bb73c87b96371953fa0', description='null'}-localhost:27017] Opened connection [connectionId{localValue:5, serverValue:96}] to localhost:27017
2022-03-12 18:08:07,261 INFO com.mongodb.diagnostics.logging.SLF4JLogger [cluster-rtt-ClusterId{value='622d0bb73c87b96371953fa0', description='null'}-localhost:27017] Opened connection [connectionId{localValue:4, serverValue:95}] to localhost:27017
2022-03-12 18:08:07,262 INFO com.mongodb.diagnostics.logging.SLF4JLogger [cluster-ClusterId{value='622d0bb73c87b96371953fa0', description='null'}-localhost:27017] Monitor thread successfully connected to server with description ServerDescription{address=localhost:27017, type=STANDALONE, state=CONNECTED, ok=true, minWireVersion=0, maxWireVersion=13, maxDocumentSize=16777216, logicalSessionTimeoutMinutes=30, roundTripTimeNanos=1301344}
2022-03-12 18:08:07,296 INFO org.springframework.boot.devtools.autoconfigure.OptionalLiveReloadServer [restartedMain] LiveReload server is running on port 35729
2022-03-12 18:08:07,549 INFO org.springframework.boot.web.embedded.tomcat.TomcatWebServer [restartedMain] Tomcat started on port(s): 8081 (http) with context path ''
2022-03-12 18:08:07,553 INFO org.springframework.boot.StartupInfoLogger [restartedMain] Started CronusApplicationKt in 0.855 seconds (JVM running for 216.016)
2022-03-12 18:08:07,558 INFO org.springframework.boot.devtools.autoconfigure.ConditionEvaluationDeltaLoggingListener [restartedMain] Condition evaluation unchanged
2022-03-12 18:08:37,004 INFO org.apache.juli.logging.DirectJDKLog [http-nio-8081-exec-2] Initializing Spring DispatcherServlet 'dispatcherServlet'
2022-03-12 18:08:37,005 INFO org.springframework.web.servlet.FrameworkServlet [http-nio-8081-exec-2] Initializing Servlet 'dispatcherServlet'
2022-03-12 18:08:37,006 INFO org.springframework.web.servlet.FrameworkServlet [http-nio-8081-exec-2] Completed initialization in 1 ms
2022-03-12 18:08:37,008 INFO br.com.dg.panteao.cronus.service.StatusService [http-nio-8081-exec-2] consultar
2022-03-12 18:08:37,011 INFO com.mongodb.diagnostics.logging.SLF4JLogger [http-nio-8081-exec-2] Opened connection [connectionId{localValue:6, serverValue:97}] to localhost:27017
2022-03-12 18:08:39,771 INFO br.com.dg.panteao.cronus.service.StatusService [http-nio-8081-exec-3] consultar
2022-03-12 18:09:12,168 ERROR org.springframework.boot.SpringApplication [restartedMain] Application run failed
java.lang.IllegalStateException: java.lang.IllegalStateException: Logback configuration error detected: 
ERROR in ch.qos.logback.core.joran.action.AppenderRefAction - Could not find an appender named [Console]. Did you define it below instead of above in the configuration file?
ERROR in ch.qos.logback.core.joran.action.AppenderRefAction - See http://logback.qos.ch/codes.html#appender_order for more details.
	at org.springframework.boot.context.logging.LoggingApplicationListener.initializeSystem(LoggingApplicationListener.java:328)
	at org.springframework.boot.context.logging.LoggingApplicationListener.initialize(LoggingApplicationListener.java:282)
	at org.springframework.boot.context.logging.LoggingApplicationListener.onApplicationEnvironmentPreparedEvent(LoggingApplicationListener.java:240)
	at org.springframework.boot.context.logging.LoggingApplicationListener.onApplicationEvent(LoggingApplicationListener.java:216)
	at org.springframework.context.event.SimpleApplicationEventMulticaster.doInvokeListener(SimpleApplicationEventMulticaster.java:176)
	at org.springframework.context.event.SimpleApplicationEventMulticaster.invokeListener(SimpleApplicationEventMulticaster.java:169)
	at org.springframework.context.event.SimpleApplicationEventMulticaster.multicastEvent(SimpleApplicationEventMulticaster.java:143)
	at org.springframework.context.event.SimpleApplicationEventMulticaster.multicastEvent(SimpleApplicationEventMulticaster.java:131)
	at org.springframework.boot.context.event.EventPublishingRunListener.environmentPrepared(EventPublishingRunListener.java:85)
	at org.springframework.boot.SpringApplicationRunListeners.lambda$environmentPrepared$2(SpringApplicationRunListeners.java:66)
	at java.base/java.util.ArrayList.forEach(ArrayList.java:1541)
	at org.springframework.boot.SpringApplicationRunListeners.doWithListeners(SpringApplicationRunListeners.java:120)
	at org.springframework.boot.SpringApplicationRunListeners.doWithListeners(SpringApplicationRunListeners.java:114)
	at org.springframework.boot.SpringApplicationRunListeners.environmentPrepared(SpringApplicationRunListeners.java:65)
	at org.springframework.boot.SpringApplication.prepareEnvironment(SpringApplication.java:339)
	at org.springframework.boot.SpringApplication.run(SpringApplication.java:297)
	at org.springframework.boot.SpringApplication.run(SpringApplication.java:1312)
	at org.springframework.boot.SpringApplication.run(SpringApplication.java:1301)
	at br.com.dg.panteao.cronus.CronusApplicationKt.main(CronusApplication.kt:13)
	at java.base/jdk.internal.reflect.NativeMethodAccessorImpl.invoke0(Native Method)
	at java.base/jdk.internal.reflect.NativeMethodAccessorImpl.invoke(NativeMethodAccessorImpl.java:62)
	at java.base/jdk.internal.reflect.DelegatingMethodAccessorImpl.invoke(DelegatingMethodAccessorImpl.java:43)
	at java.base/java.lang.reflect.Method.invoke(Method.java:566)
	at org.springframework.boot.devtools.restart.RestartLauncher.run(RestartLauncher.java:49)
Caused by: java.lang.IllegalStateException: Logback configuration error detected: 
ERROR in ch.qos.logback.core.joran.action.AppenderRefAction - Could not find an appender named [Console]. Did you define it below instead of above in the configuration file?
ERROR in ch.qos.logback.core.joran.action.AppenderRefAction - See http://logback.qos.ch/codes.html#appender_order for more details.
	at org.springframework.boot.logging.logback.LogbackLoggingSystem.loadConfiguration(LogbackLoggingSystem.java:179)
	at org.springframework.boot.logging.AbstractLoggingSystem.initializeWithConventions(AbstractLoggingSystem.java:80)
	at org.springframework.boot.logging.AbstractLoggingSystem.initialize(AbstractLoggingSystem.java:60)
	at org.springframework.boot.logging.logback.LogbackLoggingSystem.initialize(LogbackLoggingSystem.java:132)
	at org.springframework.boot.context.logging.LoggingApplicationListener.initializeSystem(LoggingApplicationListener.java:313)
	... 23 common frames omitted
2022-03-12 18:09:24,648 INFO org.springframework.boot.StartupInfoLogger [restartedMain] Starting CronusApplicationKt using Java 11.0.13 on abyss-watchers with PID 39346 (/home/davi/repo/cronus/build/classes/kotlin/main started by davi in /home/davi/repo/cronus)
2022-03-12 18:09:24,648 INFO org.springframework.boot.SpringApplication [restartedMain] No active profile set, falling back to 1 default profile: "default"
2022-03-12 18:09:24,822 INFO org.springframework.data.repository.config.RepositoryConfigurationDelegate [restartedMain] Bootstrapping Spring Data MongoDB repositories in DEFAULT mode.
2022-03-12 18:09:24,834 INFO org.springframework.data.repository.config.RepositoryConfigurationDelegate [restartedMain] Finished Spring Data repository scanning in 12 ms. Found 3 MongoDB repository interfaces.
2022-03-12 18:09:24,916 INFO org.springframework.boot.web.embedded.tomcat.TomcatWebServer [restartedMain] Tomcat initialized with port(s): 8081 (http)
2022-03-12 18:09:24,917 INFO org.apache.juli.logging.DirectJDKLog [restartedMain] Starting service [Tomcat]
2022-03-12 18:09:24,917 INFO org.apache.juli.logging.DirectJDKLog [restartedMain] Starting Servlet engine: [Apache Tomcat/9.0.58]
2022-03-12 18:09:24,929 INFO org.apache.juli.logging.DirectJDKLog [restartedMain] Initializing Spring embedded WebApplicationContext
2022-03-12 18:09:24,929 INFO org.springframework.boot.web.servlet.context.ServletWebServerApplicationContext [restartedMain] Root WebApplicationContext: initialization completed in 277 ms
2022-03-12 18:09:24,967 INFO com.mongodb.diagnostics.logging.SLF4JLogger [restartedMain] Cluster created with settings {hosts=[localhost:27017], mode=SINGLE, requiredClusterType=UNKNOWN, serverSelectionTimeout='30000 ms'}
2022-03-12 18:09:24,972 INFO com.mongodb.diagnostics.logging.SLF4JLogger [cluster-rtt-ClusterId{value='622d0c043c87b96371953fa1', description='null'}-localhost:27017] Opened connection [connectionId{localValue:7, serverValue:98}] to localhost:27017
2022-03-12 18:09:24,973 INFO com.mongodb.diagnostics.logging.SLF4JLogger [cluster-ClusterId{value='622d0c043c87b96371953fa1', description='null'}-localhost:27017] Opened connection [connectionId{localValue:8, serverValue:99}] to localhost:27017
2022-03-12 18:09:24,975 INFO com.mongodb.diagnostics.logging.SLF4JLogger [cluster-ClusterId{value='622d0c043c87b96371953fa1', description='null'}-localhost:27017] Monitor thread successfully connected to server with description ServerDescription{address=localhost:27017, type=STANDALONE, state=CONNECTED, ok=true, minWireVersion=0, maxWireVersion=13, maxDocumentSize=16777216, logicalSessionTimeoutMinutes=30, roundTripTimeNanos=1296529}
2022-03-12 18:09:25,001 INFO org.springframework.boot.devtools.autoconfigure.OptionalLiveReloadServer [restartedMain] LiveReload server is running on port 35729
2022-03-12 18:09:25,182 INFO org.springframework.boot.web.embedded.tomcat.TomcatWebServer [restartedMain] Tomcat started on port(s): 8081 (http) with context path ''
2022-03-12 18:09:25,186 INFO org.springframework.boot.StartupInfoLogger [restartedMain] Started CronusApplicationKt in 0.584 seconds (JVM running for 293.649)
2022-03-12 18:09:25,188 INFO org.springframework.boot.devtools.autoconfigure.ConditionEvaluationDeltaLoggingListener [restartedMain] Condition evaluation unchanged
2022-03-12 18:09:50,721 INFO org.springframework.boot.StartupInfoLogger [restartedMain] Starting CronusApplicationKt using Java 11.0.13 on abyss-watchers with PID 39346 (/home/davi/repo/cronus/build/classes/kotlin/main started by davi in /home/davi/repo/cronus)
2022-03-12 18:09:50,721 INFO org.springframework.boot.SpringApplication [restartedMain] No active profile set, falling back to 1 default profile: "default"
2022-03-12 18:09:50,833 INFO org.springframework.data.repository.config.RepositoryConfigurationDelegate [restartedMain] Bootstrapping Spring Data MongoDB repositories in DEFAULT mode.
2022-03-12 18:09:50,844 INFO org.springframework.data.repository.config.RepositoryConfigurationDelegate [restartedMain] Finished Spring Data repository scanning in 10 ms. Found 3 MongoDB repository interfaces.
2022-03-12 18:09:50,901 INFO org.springframework.boot.web.embedded.tomcat.TomcatWebServer [restartedMain] Tomcat initialized with port(s): 8081 (http)
2022-03-12 18:09:50,902 INFO org.apache.juli.logging.DirectJDKLog [restartedMain] Starting service [Tomcat]
2022-03-12 18:09:50,903 INFO org.apache.juli.logging.DirectJDKLog [restartedMain] Starting Servlet engine: [Apache Tomcat/9.0.58]
2022-03-12 18:09:50,913 INFO org.apache.juli.logging.DirectJDKLog [restartedMain] Initializing Spring embedded WebApplicationContext
2022-03-12 18:09:50,913 INFO org.springframework.boot.web.servlet.context.ServletWebServerApplicationContext [restartedMain] Root WebApplicationContext: initialization completed in 190 ms
2022-03-12 18:09:50,948 INFO com.mongodb.diagnostics.logging.SLF4JLogger [restartedMain] Cluster created with settings {hosts=[localhost:27017], mode=SINGLE, requiredClusterType=UNKNOWN, serverSelectionTimeout='30000 ms'}
2022-03-12 18:09:50,954 INFO com.mongodb.diagnostics.logging.SLF4JLogger [cluster-rtt-ClusterId{value='622d0c1e3c87b96371953fa2', description='null'}-localhost:27017] Opened connection [connectionId{localValue:10, serverValue:101}] to localhost:27017
2022-03-12 18:09:50,952 INFO com.mongodb.diagnostics.logging.SLF4JLogger [cluster-ClusterId{value='622d0c1e3c87b96371953fa2', description='null'}-localhost:27017] Opened connection [connectionId{localValue:9, serverValue:100}] to localhost:27017
2022-03-12 18:09:50,958 INFO com.mongodb.diagnostics.logging.SLF4JLogger [cluster-ClusterId{value='622d0c1e3c87b96371953fa2', description='null'}-localhost:27017] Monitor thread successfully connected to server with description ServerDescription{address=localhost:27017, type=STANDALONE, state=CONNECTED, ok=true, minWireVersion=0, maxWireVersion=13, maxDocumentSize=16777216, logicalSessionTimeoutMinutes=30, roundTripTimeNanos=1799265}
2022-03-12 18:09:50,985 INFO org.springframework.boot.devtools.autoconfigure.OptionalLiveReloadServer [restartedMain] LiveReload server is running on port 35729
2022-03-12 18:09:51,140 INFO org.springframework.boot.web.embedded.tomcat.TomcatWebServer [restartedMain] Tomcat started on port(s): 8081 (http) with context path ''
2022-03-12 18:09:51,144 INFO org.springframework.boot.StartupInfoLogger [restartedMain] Started CronusApplicationKt in 0.447 seconds (JVM running for 319.607)
2022-03-12 18:09:51,146 INFO org.springframework.boot.devtools.autoconfigure.ConditionEvaluationDeltaLoggingListener [restartedMain] Condition evaluation unchanged
2022-03-12 18:09:54,749 INFO org.apache.juli.logging.DirectJDKLog [http-nio-8081-exec-2] Initializing Spring DispatcherServlet 'dispatcherServlet'
2022-03-12 18:09:54,749 INFO org.springframework.web.servlet.FrameworkServlet [http-nio-8081-exec-2] Initializing Servlet 'dispatcherServlet'
2022-03-12 18:09:54,751 INFO org.springframework.web.servlet.FrameworkServlet [http-nio-8081-exec-2] Completed initialization in 1 ms
2022-03-12 18:09:54,753 INFO br.com.dg.panteao.cronus.service.StatusService [http-nio-8081-exec-2] consultar
2022-03-12 18:09:54,758 INFO com.mongodb.diagnostics.logging.SLF4JLogger [http-nio-8081-exec-2] Opened connection [connectionId{localValue:11, serverValue:102}] to localhost:27017
2022-03-12 18:10:01,401 INFO br.com.dg.panteao.cronus.service.StatusService [http-nio-8081-exec-3] consultar
2022-03-12 18:10:38,723 INFO org.springframework.boot.StartupInfoLogger [restartedMain] Starting CronusApplicationKt using Java 11.0.13 on abyss-watchers with PID 39346 (/home/davi/repo/cronus/build/classes/kotlin/main started by davi in /home/davi/repo/cronus)
2022-03-12 18:10:38,723 INFO org.springframework.boot.SpringApplication [restartedMain] No active profile set, falling back to 1 default profile: "default"
2022-03-12 18:10:38,829 INFO org.springframework.data.repository.config.RepositoryConfigurationDelegate [restartedMain] Bootstrapping Spring Data MongoDB repositories in DEFAULT mode.
2022-03-12 18:10:38,837 INFO org.springframework.data.repository.config.RepositoryConfigurationDelegate [restartedMain] Finished Spring Data repository scanning in 7 ms. Found 3 MongoDB repository interfaces.
2022-03-12 18:10:38,885 INFO org.springframework.boot.web.embedded.tomcat.TomcatWebServer [restartedMain] Tomcat initialized with port(s): 8081 (http)
2022-03-12 18:10:38,886 INFO org.apache.juli.logging.DirectJDKLog [restartedMain] Starting service [Tomcat]
2022-03-12 18:10:38,886 INFO org.apache.juli.logging.DirectJDKLog [restartedMain] Starting Servlet engine: [Apache Tomcat/9.0.58]
2022-03-12 18:10:38,893 INFO org.apache.juli.logging.DirectJDKLog [restartedMain] Initializing Spring embedded WebApplicationContext
2022-03-12 18:10:38,893 INFO org.springframework.boot.web.servlet.context.ServletWebServerApplicationContext [restartedMain] Root WebApplicationContext: initialization completed in 168 ms
2022-03-12 18:10:38,914 INFO com.mongodb.diagnostics.logging.SLF4JLogger [restartedMain] Cluster created with settings {hosts=[localhost:27017], mode=SINGLE, requiredClusterType=UNKNOWN, serverSelectionTimeout='30000 ms'}
2022-03-12 18:10:38,918 INFO com.mongodb.diagnostics.logging.SLF4JLogger [cluster-ClusterId{value='622d0c4e3c87b96371953fa3', description='null'}-localhost:27017] Opened connection [connectionId{localValue:12, serverValue:103}] to localhost:27017
2022-03-12 18:10:38,918 INFO com.mongodb.diagnostics.logging.SLF4JLogger [cluster-rtt-ClusterId{value='622d0c4e3c87b96371953fa3', description='null'}-localhost:27017] Opened connection [connectionId{localValue:13, serverValue:104}] to localhost:27017
2022-03-12 18:10:38,920 INFO com.mongodb.diagnostics.logging.SLF4JLogger [cluster-ClusterId{value='622d0c4e3c87b96371953fa3', description='null'}-localhost:27017] Monitor thread successfully connected to server with description ServerDescription{address=localhost:27017, type=STANDALONE, state=CONNECTED, ok=true, minWireVersion=0, maxWireVersion=13, maxDocumentSize=16777216, logicalSessionTimeoutMinutes=30, roundTripTimeNanos=1952382}
2022-03-12 18:10:38,941 INFO org.springframework.boot.devtools.autoconfigure.OptionalLiveReloadServer [restartedMain] LiveReload server is running on port 35729
2022-03-12 18:10:39,074 INFO org.springframework.boot.web.embedded.tomcat.TomcatWebServer [restartedMain] Tomcat started on port(s): 8081 (http) with context path ''
2022-03-12 18:10:39,077 INFO org.springframework.boot.StartupInfoLogger [restartedMain] Started CronusApplicationKt in 0.375 seconds (JVM running for 367.54)
2022-03-12 18:10:39,078 INFO org.springframework.boot.devtools.autoconfigure.ConditionEvaluationDeltaLoggingListener [restartedMain] Condition evaluation unchanged
2022-03-12 18:10:47,697 INFO org.apache.juli.logging.DirectJDKLog [http-nio-8081-exec-1] Initializing Spring DispatcherServlet 'dispatcherServlet'
2022-03-12 18:10:47,697 INFO org.springframework.web.servlet.FrameworkServlet [http-nio-8081-exec-1] Initializing Servlet 'dispatcherServlet'
2022-03-12 18:10:47,698 INFO org.springframework.web.servlet.FrameworkServlet [http-nio-8081-exec-1] Completed initialization in 1 ms
2022-03-12 18:10:47,701 INFO br.com.dg.panteao.cronus.service.StatusService [http-nio-8081-exec-1] consultar
2022-03-12 18:10:47,722 INFO com.mongodb.diagnostics.logging.SLF4JLogger [http-nio-8081-exec-1] Opened connection [connectionId{localValue:14, serverValue:105}] to localhost:27017
2022-03-12 18:12:14,708 INFO org.springframework.boot.StartupInfoLogger [restartedMain] Starting CronusApplicationKt using Java 11.0.13 on abyss-watchers with PID 39346 (/home/davi/repo/cronus/build/classes/kotlin/main started by davi in /home/davi/repo/cronus)
2022-03-12 18:12:14,709 INFO org.springframework.boot.SpringApplication [restartedMain] No active profile set, falling back to 1 default profile: "default"
2022-03-12 18:12:14,857 INFO org.springframework.data.repository.config.RepositoryConfigurationDelegate [restartedMain] Bootstrapping Spring Data MongoDB repositories in DEFAULT mode.
2022-03-12 18:12:14,869 INFO org.springframework.data.repository.config.RepositoryConfigurationDelegate [restartedMain] Finished Spring Data repository scanning in 11 ms. Found 3 MongoDB repository interfaces.
2022-03-12 18:12:14,933 INFO org.springframework.boot.web.embedded.tomcat.TomcatWebServer [restartedMain] Tomcat initialized with port(s): 8081 (http)
2022-03-12 18:12:14,935 INFO org.apache.juli.logging.DirectJDKLog [restartedMain] Starting service [Tomcat]
2022-03-12 18:12:14,936 INFO org.apache.juli.logging.DirectJDKLog [restartedMain] Starting Servlet engine: [Apache Tomcat/9.0.58]
2022-03-12 18:12:14,945 INFO org.apache.juli.logging.DirectJDKLog [restartedMain] Initializing Spring embedded WebApplicationContext
2022-03-12 18:12:14,946 INFO org.springframework.boot.web.servlet.context.ServletWebServerApplicationContext [restartedMain] Root WebApplicationContext: initialization completed in 235 ms
2022-03-12 18:12:14,981 INFO com.mongodb.diagnostics.logging.SLF4JLogger [restartedMain] Cluster created with settings {hosts=[localhost:27017], mode=SINGLE, requiredClusterType=UNKNOWN, serverSelectionTimeout='30000 ms'}
2022-03-12 18:12:14,985 INFO com.mongodb.diagnostics.logging.SLF4JLogger [cluster-rtt-ClusterId{value='622d0cae3c87b96371953fa4', description='null'}-localhost:27017] Opened connection [connectionId{localValue:16, serverValue:106}] to localhost:27017
2022-03-12 18:12:14,988 INFO com.mongodb.diagnostics.logging.SLF4JLogger [cluster-ClusterId{value='622d0cae3c87b96371953fa4', description='null'}-localhost:27017] Opened connection [connectionId{localValue:15, serverValue:107}] to localhost:27017
2022-03-12 18:12:14,993 INFO com.mongodb.diagnostics.logging.SLF4JLogger [cluster-ClusterId{value='622d0cae3c87b96371953fa4', description='null'}-localhost:27017] Monitor thread successfully connected to server with description ServerDescription{address=localhost:27017, type=STANDALONE, state=CONNECTED, ok=true, minWireVersion=0, maxWireVersion=13, maxDocumentSize=16777216, logicalSessionTimeoutMinutes=30, roundTripTimeNanos=3682845}
2022-03-12 18:12:15,016 INFO org.springframework.boot.devtools.autoconfigure.OptionalLiveReloadServer [restartedMain] LiveReload server is running on port 35729
2022-03-12 18:12:15,169 INFO org.springframework.boot.web.embedded.tomcat.TomcatWebServer [restartedMain] Tomcat started on port(s): 8081 (http) with context path ''
2022-03-12 18:12:15,173 INFO org.springframework.boot.StartupInfoLogger [restartedMain] Started CronusApplicationKt in 0.486 seconds (JVM running for 463.636)
2022-03-12 18:12:15,175 INFO org.springframework.boot.devtools.autoconfigure.ConditionEvaluationDeltaLoggingListener [restartedMain] Condition evaluation unchanged
2022-03-12 18:12:56,358 INFO org.apache.juli.logging.DirectJDKLog [http-nio-8081-exec-2] Initializing Spring DispatcherServlet 'dispatcherServlet'
2022-03-12 18:12:56,358 INFO org.springframework.web.servlet.FrameworkServlet [http-nio-8081-exec-2] Initializing Servlet 'dispatcherServlet'
2022-03-12 18:12:56,359 INFO org.springframework.web.servlet.FrameworkServlet [http-nio-8081-exec-2] Completed initialization in 1 ms
2022-03-12 18:12:56,361 INFO br.com.dg.panteao.cronus.service.StatusService [http-nio-8081-exec-2] consultar
2022-03-12 18:12:56,364 INFO com.mongodb.diagnostics.logging.SLF4JLogger [http-nio-8081-exec-2] Opened connection [connectionId{localValue:17, serverValue:108}] to localhost:27017
2022-03-12 18:13:39,818 INFO org.springframework.boot.StartupInfoLogger [restartedMain] Starting CronusApplicationKt using Java 11.0.13 on abyss-watchers with PID 39346 (/home/davi/repo/cronus/build/classes/kotlin/main started by davi in /home/davi/repo/cronus)
2022-03-12 18:13:39,818 INFO org.springframework.boot.SpringApplication [restartedMain] No active profile set, falling back to 1 default profile: "default"
2022-03-12 18:13:39,909 INFO org.springframework.data.repository.config.RepositoryConfigurationDelegate [restartedMain] Bootstrapping Spring Data MongoDB repositories in DEFAULT mode.
2022-03-12 18:13:39,915 INFO org.springframework.data.repository.config.RepositoryConfigurationDelegate [restartedMain] Finished Spring Data repository scanning in 6 ms. Found 3 MongoDB repository interfaces.
2022-03-12 18:13:39,955 INFO org.springframework.boot.web.embedded.tomcat.TomcatWebServer [restartedMain] Tomcat initialized with port(s): 8081 (http)
2022-03-12 18:13:39,955 INFO org.apache.juli.logging.DirectJDKLog [restartedMain] Starting service [Tomcat]
2022-03-12 18:13:39,955 INFO org.apache.juli.logging.DirectJDKLog [restartedMain] Starting Servlet engine: [Apache Tomcat/9.0.58]
2022-03-12 18:13:39,961 INFO org.apache.juli.logging.DirectJDKLog [restartedMain] Initializing Spring embedded WebApplicationContext
2022-03-12 18:13:39,961 INFO org.springframework.boot.web.servlet.context.ServletWebServerApplicationContext [restartedMain] Root WebApplicationContext: initialization completed in 141 ms
2022-03-12 18:13:39,980 INFO com.mongodb.diagnostics.logging.SLF4JLogger [restartedMain] Cluster created with settings {hosts=[localhost:27017], mode=SINGLE, requiredClusterType=UNKNOWN, serverSelectionTimeout='30000 ms'}
2022-03-12 18:13:39,984 INFO com.mongodb.diagnostics.logging.SLF4JLogger [cluster-ClusterId{value='622d0d033c87b96371953fa5', description='null'}-localhost:27017] Opened connection [connectionId{localValue:18, serverValue:110}] to localhost:27017
2022-03-12 18:13:39,984 INFO com.mongodb.diagnostics.logging.SLF4JLogger [cluster-rtt-ClusterId{value='622d0d033c87b96371953fa5', description='null'}-localhost:27017] Opened connection [connectionId{localValue:19, serverValue:109}] to localhost:27017
2022-03-12 18:13:39,986 INFO com.mongodb.diagnostics.logging.SLF4JLogger [cluster-ClusterId{value='622d0d033c87b96371953fa5', description='null'}-localhost:27017] Monitor thread successfully connected to server with description ServerDescription{address=localhost:27017, type=STANDALONE, state=CONNECTED, ok=true, minWireVersion=0, maxWireVersion=13, maxDocumentSize=16777216, logicalSessionTimeoutMinutes=30, roundTripTimeNanos=1215402}
2022-03-12 18:13:40,001 INFO org.springframework.boot.devtools.autoconfigure.OptionalLiveReloadServer [restartedMain] LiveReload server is running on port 35729
2022-03-12 18:13:40,127 INFO org.springframework.boot.web.embedded.tomcat.TomcatWebServer [restartedMain] Tomcat started on port(s): 8081 (http) with context path ''
2022-03-12 18:13:40,130 INFO org.springframework.boot.StartupInfoLogger [restartedMain] Started CronusApplicationKt in 0.331 seconds (JVM running for 548.593)
2022-03-12 18:13:40,131 INFO org.springframework.boot.devtools.autoconfigure.ConditionEvaluationDeltaLoggingListener [restartedMain] Condition evaluation unchanged
2022-03-12 18:13:51,735 INFO org.springframework.boot.StartupInfoLogger [restartedMain] Starting CronusApplicationKt using Java 11.0.13 on abyss-watchers with PID 43462 (/home/davi/repo/cronus/build/classes/kotlin/main started by davi in /home/davi/repo/cronus)
2022-03-12 18:13:51,737 INFO org.springframework.boot.SpringApplication [restartedMain] No active profile set, falling back to 1 default profile: "default"
2022-03-12 18:13:51,811 INFO org.springframework.boot.logging.DeferredLog [restartedMain] Devtools property defaults active! Set 'spring.devtools.add-properties' to 'false' to disable
2022-03-12 18:13:51,811 INFO org.springframework.boot.logging.DeferredLog [restartedMain] For additional web related logging consider setting the 'logging.level.web' property to 'DEBUG'
2022-03-12 18:13:52,543 INFO org.springframework.data.repository.config.RepositoryConfigurationDelegate [restartedMain] Bootstrapping Spring Data MongoDB repositories in DEFAULT mode.
2022-03-12 18:13:52,603 INFO org.springframework.data.repository.config.RepositoryConfigurationDelegate [restartedMain] Finished Spring Data repository scanning in 54 ms. Found 3 MongoDB repository interfaces.
2022-03-12 18:13:53,252 INFO org.springframework.boot.web.embedded.tomcat.TomcatWebServer [restartedMain] Tomcat initialized with port(s): 8081 (http)
2022-03-12 18:13:53,267 INFO org.apache.juli.logging.DirectJDKLog [restartedMain] Initializing ProtocolHandler ["http-nio-8081"]
2022-03-12 18:13:53,268 INFO org.apache.juli.logging.DirectJDKLog [restartedMain] Starting service [Tomcat]
2022-03-12 18:13:53,268 INFO org.apache.juli.logging.DirectJDKLog [restartedMain] Starting Servlet engine: [Apache Tomcat/9.0.58]
2022-03-12 18:13:53,344 INFO org.apache.juli.logging.DirectJDKLog [restartedMain] Initializing Spring embedded WebApplicationContext
2022-03-12 18:13:53,345 INFO org.springframework.boot.web.servlet.context.ServletWebServerApplicationContext [restartedMain] Root WebApplicationContext: initialization completed in 1533 ms
2022-03-12 18:13:53,605 INFO com.mongodb.diagnostics.logging.SLF4JLogger [restartedMain] Cluster created with settings {hosts=[localhost:27017], mode=SINGLE, requiredClusterType=UNKNOWN, serverSelectionTimeout='30000 ms'}
2022-03-12 18:13:53,689 INFO com.mongodb.diagnostics.logging.SLF4JLogger [cluster-ClusterId{value='622d0d117e2195555fa9a529', description='null'}-localhost:27017] Opened connection [connectionId{localValue:1, serverValue:112}] to localhost:27017
2022-03-12 18:13:53,688 INFO com.mongodb.diagnostics.logging.SLF4JLogger [cluster-rtt-ClusterId{value='622d0d117e2195555fa9a529', description='null'}-localhost:27017] Opened connection [connectionId{localValue:2, serverValue:111}] to localhost:27017
2022-03-12 18:13:53,701 INFO com.mongodb.diagnostics.logging.SLF4JLogger [cluster-ClusterId{value='622d0d117e2195555fa9a529', description='null'}-localhost:27017] Monitor thread successfully connected to server with description ServerDescription{address=localhost:27017, type=STANDALONE, state=CONNECTED, ok=true, minWireVersion=0, maxWireVersion=13, maxDocumentSize=16777216, logicalSessionTimeoutMinutes=30, roundTripTimeNanos=32595644}
2022-03-12 18:13:53,941 INFO org.springframework.boot.devtools.autoconfigure.OptionalLiveReloadServer [restartedMain] LiveReload server is running on port 35729
2022-03-12 18:13:54,666 INFO org.apache.juli.logging.DirectJDKLog [restartedMain] Starting ProtocolHandler ["http-nio-8081"]
2022-03-12 18:13:54,699 INFO org.springframework.boot.web.embedded.tomcat.TomcatWebServer [restartedMain] Tomcat started on port(s): 8081 (http) with context path ''
2022-03-12 18:13:54,716 INFO org.springframework.boot.StartupInfoLogger [restartedMain] Started CronusApplicationKt in 3.503 seconds (JVM running for 4.063)
2022-03-12 18:13:57,311 INFO org.apache.juli.logging.DirectJDKLog [http-nio-8081-exec-2] Initializing Spring DispatcherServlet 'dispatcherServlet'
2022-03-12 18:13:57,311 INFO org.springframework.web.servlet.FrameworkServlet [http-nio-8081-exec-2] Initializing Servlet 'dispatcherServlet'
2022-03-12 18:13:57,313 INFO org.springframework.web.servlet.FrameworkServlet [http-nio-8081-exec-2] Completed initialization in 2 ms
2022-03-12 18:13:57,346 INFO br.com.dg.panteao.cronus.service.StatusService [http-nio-8081-exec-2] consultar
2022-03-12 18:13:57,474 INFO com.mongodb.diagnostics.logging.SLF4JLogger [http-nio-8081-exec-2] Opened connection [connectionId{localValue:3, serverValue:113}] to localhost:27017
2022-03-12 18:14:14,235 INFO org.springframework.boot.StartupInfoLogger [restartedMain] Starting CronusApplicationKt using Java 11.0.13 on abyss-watchers with PID 43462 (/home/davi/repo/cronus/build/classes/kotlin/main started by davi in /home/davi/repo/cronus)
2022-03-12 18:14:14,235 INFO org.springframework.boot.SpringApplication [restartedMain] No active profile set, falling back to 1 default profile: "default"
2022-03-12 18:14:14,422 INFO org.springframework.data.repository.config.RepositoryConfigurationDelegate [restartedMain] Bootstrapping Spring Data MongoDB repositories in DEFAULT mode.
2022-03-12 18:14:14,437 INFO org.springframework.data.repository.config.RepositoryConfigurationDelegate [restartedMain] Finished Spring Data repository scanning in 14 ms. Found 3 MongoDB repository interfaces.
2022-03-12 18:14:14,539 INFO org.springframework.boot.web.embedded.tomcat.TomcatWebServer [restartedMain] Tomcat initialized with port(s): 8081 (http)
2022-03-12 18:14:14,540 INFO org.apache.juli.logging.DirectJDKLog [restartedMain] Initializing ProtocolHandler ["http-nio-8081"]
2022-03-12 18:14:14,541 INFO org.apache.juli.logging.DirectJDKLog [restartedMain] Starting service [Tomcat]
2022-03-12 18:14:14,542 INFO org.apache.juli.logging.DirectJDKLog [restartedMain] Starting Servlet engine: [Apache Tomcat/9.0.58]
2022-03-12 18:14:14,555 INFO org.apache.juli.logging.DirectJDKLog [restartedMain] Initializing Spring embedded WebApplicationContext
2022-03-12 18:14:14,555 INFO org.springframework.boot.web.servlet.context.ServletWebServerApplicationContext [restartedMain] Root WebApplicationContext: initialization completed in 316 ms
2022-03-12 18:14:14,601 INFO com.mongodb.diagnostics.logging.SLF4JLogger [restartedMain] Cluster created with settings {hosts=[localhost:27017], mode=SINGLE, requiredClusterType=UNKNOWN, serverSelectionTimeout='30000 ms'}
2022-03-12 18:14:14,605 INFO com.mongodb.diagnostics.logging.SLF4JLogger [cluster-ClusterId{value='622d0d267e2195555fa9a52a', description='null'}-localhost:27017] Opened connection [connectionId{localValue:4, serverValue:114}] to localhost:27017
2022-03-12 18:14:14,616 INFO com.mongodb.diagnostics.logging.SLF4JLogger [cluster-ClusterId{value='622d0d267e2195555fa9a52a', description='null'}-localhost:27017] Monitor thread successfully connected to server with description ServerDescription{address=localhost:27017, type=STANDALONE, state=CONNECTED, ok=true, minWireVersion=0, maxWireVersion=13, maxDocumentSize=16777216, logicalSessionTimeoutMinutes=30, roundTripTimeNanos=1751699}
2022-03-12 18:14:14,609 INFO com.mongodb.diagnostics.logging.SLF4JLogger [cluster-rtt-ClusterId{value='622d0d267e2195555fa9a52a', description='null'}-localhost:27017] Opened connection [connectionId{localValue:5, serverValue:115}] to localhost:27017
2022-03-12 18:14:14,645 INFO org.springframework.boot.devtools.autoconfigure.OptionalLiveReloadServer [restartedMain] LiveReload server is running on port 35729
2022-03-12 18:14:14,805 INFO org.apache.juli.logging.DirectJDKLog [restartedMain] Starting ProtocolHandler ["http-nio-8081"]
2022-03-12 18:14:14,807 INFO org.springframework.boot.web.embedded.tomcat.TomcatWebServer [restartedMain] Tomcat started on port(s): 8081 (http) with context path ''
2022-03-12 18:14:14,812 INFO org.springframework.boot.StartupInfoLogger [restartedMain] Started CronusApplicationKt in 0.625 seconds (JVM running for 24.158)
2022-03-12 18:14:14,814 INFO org.springframework.boot.devtools.autoconfigure.ConditionEvaluationDeltaLoggingListener [restartedMain] Condition evaluation unchanged
2022-03-12 18:14:23,309 INFO org.springframework.boot.StartupInfoLogger [restartedMain] Starting CronusApplicationKt using Java 11.0.13 on abyss-watchers with PID 43959 (/home/davi/repo/cronus/build/classes/kotlin/main started by davi in /home/davi/repo/cronus)
2022-03-12 18:14:23,312 INFO org.springframework.boot.SpringApplication [restartedMain] No active profile set, falling back to 1 default profile: "default"
2022-03-12 18:14:23,398 INFO org.springframework.boot.logging.DeferredLog [restartedMain] Devtools property defaults active! Set 'spring.devtools.add-properties' to 'false' to disable
2022-03-12 18:14:23,398 INFO org.springframework.boot.logging.DeferredLog [restartedMain] For additional web related logging consider setting the 'logging.level.web' property to 'DEBUG'
2022-03-12 18:14:24,328 INFO org.springframework.data.repository.config.RepositoryConfigurationDelegate [restartedMain] Bootstrapping Spring Data MongoDB repositories in DEFAULT mode.
2022-03-12 18:14:24,394 INFO org.springframework.data.repository.config.RepositoryConfigurationDelegate [restartedMain] Finished Spring Data repository scanning in 55 ms. Found 3 MongoDB repository interfaces.
2022-03-12 18:14:25,075 INFO org.springframework.boot.web.embedded.tomcat.TomcatWebServer [restartedMain] Tomcat initialized with port(s): 8081 (http)
2022-03-12 18:14:25,089 INFO org.apache.juli.logging.DirectJDKLog [restartedMain] Initializing ProtocolHandler ["http-nio-8081"]
2022-03-12 18:14:25,089 INFO org.apache.juli.logging.DirectJDKLog [restartedMain] Starting service [Tomcat]
2022-03-12 18:14:25,090 INFO org.apache.juli.logging.DirectJDKLog [restartedMain] Starting Servlet engine: [Apache Tomcat/9.0.58]
2022-03-12 18:14:25,167 INFO org.apache.juli.logging.DirectJDKLog [restartedMain] Initializing Spring embedded WebApplicationContext
2022-03-12 18:14:25,167 INFO org.springframework.boot.web.servlet.context.ServletWebServerApplicationContext [restartedMain] Root WebApplicationContext: initialization completed in 1760 ms
2022-03-12 18:14:25,384 INFO com.mongodb.diagnostics.logging.SLF4JLogger [restartedMain] Cluster created with settings {hosts=[localhost:27017], mode=SINGLE, requiredClusterType=UNKNOWN, serverSelectionTimeout='30000 ms'}
2022-03-12 18:14:25,507 INFO com.mongodb.diagnostics.logging.SLF4JLogger [cluster-rtt-ClusterId{value='622d0d31384b68300155feb9', description='null'}-localhost:27017] Opened connection [connectionId{localValue:2, serverValue:117}] to localhost:27017
2022-03-12 18:14:25,513 INFO com.mongodb.diagnostics.logging.SLF4JLogger [cluster-ClusterId{value='622d0d31384b68300155feb9', description='null'}-localhost:27017] Opened connection [connectionId{localValue:1, serverValue:116}] to localhost:27017
2022-03-12 18:14:25,517 INFO com.mongodb.diagnostics.logging.SLF4JLogger [cluster-ClusterId{value='622d0d31384b68300155feb9', description='null'}-localhost:27017] Monitor thread successfully connected to server with description ServerDescription{address=localhost:27017, type=STANDALONE, state=CONNECTED, ok=true, minWireVersion=0, maxWireVersion=13, maxDocumentSize=16777216, logicalSessionTimeoutMinutes=30, roundTripTimeNanos=42457093}
2022-03-12 18:14:25,780 INFO org.springframework.boot.devtools.autoconfigure.OptionalLiveReloadServer [restartedMain] LiveReload server is running on port 35729
2022-03-12 18:14:26,572 INFO org.apache.juli.logging.DirectJDKLog [restartedMain] Starting ProtocolHandler ["http-nio-8081"]
2022-03-12 18:14:26,607 INFO org.springframework.boot.web.embedded.tomcat.TomcatWebServer [restartedMain] Tomcat started on port(s): 8081 (http) with context path ''
2022-03-12 18:14:26,630 INFO org.springframework.boot.StartupInfoLogger [restartedMain] Started CronusApplicationKt in 4.073 seconds (JVM running for 4.804)
